0 info it worked if it ends with ok
1 verbose cli [ 'node', '/usr/local/bin/npm', 'install' ]
2 info using npm@1.4.28
3 info using node@v0.10.32
4 warn package.json travelRepublicTest@0.0.0 No repository field.
5 verbose readDependencies using package.json deps
6 verbose install where, deps [ '/Users/mikeevans/Google Drive/dev/htdocs/interviewTests/imac-travelRepublicTest',
6 verbose install   [ 'grunt',
6 verbose install     'grunt-contrib-connect',
6 verbose install     'grunt-contrib-copy',
6 verbose install     'grunt-karma',
6 verbose install     'grunt-ngmin',
6 verbose install     'karma',
6 verbose install     'karma-chrome-launcher',
6 verbose install     'karma-firefox-launcher',
6 verbose install     'karma-html2js-preprocessor',
6 verbose install     'karma-jasmine',
6 verbose install     'karma-ng-html2js-preprocessor',
6 verbose install     'karma-ng-scenario',
6 verbose install     'karma-phantomjs-launcher',
6 verbose install     'karma-requirejs',
6 verbose install     'karma-script-launcher',
6 verbose install     'load-grunt-tasks',
6 verbose install     'time-grunt' ] ]
7 info preinstall travelRepublicTest@0.0.0
8 verbose readDependencies using package.json deps
9 verbose already installed skipping grunt-contrib-copy@~0.4.1 /Users/mikeevans/Google Drive/dev/htdocs/interviewTests/imac-travelRepublicTest
10 verbose cache add [ 'grunt-karma@^0.12.0', null ]
11 verbose cache add name=undefined spec="grunt-karma@^0.12.0" args=["grunt-karma@^0.12.0",null]
12 verbose parsed url { protocol: null,
12 verbose parsed url   slashes: null,
12 verbose parsed url   auth: null,
12 verbose parsed url   host: null,
12 verbose parsed url   port: null,
12 verbose parsed url   hostname: null,
12 verbose parsed url   hash: null,
12 verbose parsed url   search: null,
12 verbose parsed url   query: null,
12 verbose parsed url   pathname: 'grunt-karma@^0.12.0',
12 verbose parsed url   path: 'grunt-karma@^0.12.0',
12 verbose parsed url   href: 'grunt-karma@^0.12.0' }
13 verbose already installed skipping grunt-ngmin@~0.0.2 /Users/mikeevans/Google Drive/dev/htdocs/interviewTests/imac-travelRepublicTest
14 verbose already installed skipping karma@~0.10.4 /Users/mikeevans/Google Drive/dev/htdocs/interviewTests/imac-travelRepublicTest
15 verbose already installed skipping karma-chrome-launcher@~0.1.0 /Users/mikeevans/Google Drive/dev/htdocs/interviewTests/imac-travelRepublicTest
16 verbose cache add name="grunt-karma" spec="^0.12.0" args=["grunt-karma","^0.12.0"]
17 verbose parsed url { protocol: null,
17 verbose parsed url   slashes: null,
17 verbose parsed url   auth: null,
17 verbose parsed url   host: null,
17 verbose parsed url   port: null,
17 verbose parsed url   hostname: null,
17 verbose parsed url   hash: null,
17 verbose parsed url   search: null,
17 verbose parsed url   query: null,
17 verbose parsed url   pathname: '^0.12.0',
17 verbose parsed url   path: '^0.12.0',
17 verbose parsed url   href: '^0.12.0' }
18 verbose addNamed [ 'grunt-karma', '^0.12.0' ]
19 verbose addNamed [ null, '>=0.12.0-0 <0.13.0-0' ]
20 verbose already installed skipping karma-firefox-launcher@~0.1.0 /Users/mikeevans/Google Drive/dev/htdocs/interviewTests/imac-travelRepublicTest
21 silly lockFile c614ccef-grunt-karma-0-12-0 grunt-karma@^0.12.0
22 verbose lock grunt-karma@^0.12.0 /Users/mikeevans/.npm/c614ccef-grunt-karma-0-12-0.lock
23 verbose already installed skipping karma-html2js-preprocessor@~0.1.0 /Users/mikeevans/Google Drive/dev/htdocs/interviewTests/imac-travelRepublicTest
24 silly addNameRange { name: 'grunt-karma',
24 silly addNameRange   range: '>=0.12.0-0 <0.13.0-0',
24 silly addNameRange   hasData: false }
25 verbose already installed skipping karma-jasmine@~0.1.3 /Users/mikeevans/Google Drive/dev/htdocs/interviewTests/imac-travelRepublicTest
26 verbose already installed skipping karma-ng-html2js-preprocessor@~0.1.0 /Users/mikeevans/Google Drive/dev/htdocs/interviewTests/imac-travelRepublicTest
27 verbose already installed skipping karma-ng-scenario@~0.1.0 /Users/mikeevans/Google Drive/dev/htdocs/interviewTests/imac-travelRepublicTest
28 verbose already installed skipping karma-phantomjs-launcher@~0.1.0 /Users/mikeevans/Google Drive/dev/htdocs/interviewTests/imac-travelRepublicTest
29 verbose request where is /grunt-karma
30 verbose request registry https://registry.npmjs.org/
31 verbose request id 122900460adf06bc
32 verbose url raw /grunt-karma
33 verbose url resolving [ 'https://registry.npmjs.org/', './grunt-karma' ]
34 verbose url resolved https://registry.npmjs.org/grunt-karma
35 verbose request where is https://registry.npmjs.org/grunt-karma
36 info trying registry request attempt 1 at 14:34:47
37 verbose etag "BSH5IB7CB2VWYVVYV99RBHGH8"
38 http GET https://registry.npmjs.org/grunt-karma
39 verbose already installed skipping karma-requirejs@~0.2.0 /Users/mikeevans/Google Drive/dev/htdocs/interviewTests/imac-travelRepublicTest
40 verbose already installed skipping karma-script-launcher@~0.1.0 /Users/mikeevans/Google Drive/dev/htdocs/interviewTests/imac-travelRepublicTest
41 verbose already installed skipping load-grunt-tasks@~0.2.0 /Users/mikeevans/Google Drive/dev/htdocs/interviewTests/imac-travelRepublicTest
42 verbose already installed skipping time-grunt@~0.2.0 /Users/mikeevans/Google Drive/dev/htdocs/interviewTests/imac-travelRepublicTest
43 verbose already installed skipping grunt@~0.4.1 /Users/mikeevans/Google Drive/dev/htdocs/interviewTests/imac-travelRepublicTest
44 verbose already installed skipping grunt-contrib-connect@~0.5.0 /Users/mikeevans/Google Drive/dev/htdocs/interviewTests/imac-travelRepublicTest
45 http 304 https://registry.npmjs.org/grunt-karma
46 silly registry.get cb [ 304,
46 silly registry.get   { date: 'Mon, 27 Jul 2015 13:34:47 GMT',
46 silly registry.get     via: '1.1 varnish',
46 silly registry.get     'cache-control': 'max-age=60',
46 silly registry.get     etag: '"BSH5IB7CB2VWYVVYV99RBHGH8"',
46 silly registry.get     age: '38',
46 silly registry.get     connection: 'keep-alive',
46 silly registry.get     'x-served-by': 'cache-lhr6330-LHR',
46 silly registry.get     'x-cache': 'HIT',
46 silly registry.get     'x-cache-hits': '1',
46 silly registry.get     'x-timer': 'S1438004087.819797,VS0,VE1',
46 silly registry.get     vary: 'Accept' } ]
47 verbose etag https://registry.npmjs.org/grunt-karma from cache
48 silly addNameRange number 2 { name: 'grunt-karma',
48 silly addNameRange   range: '>=0.12.0-0 <0.13.0-0',
48 silly addNameRange   hasData: true }
49 silly addNameRange versions [ 'grunt-karma',
49 silly addNameRange   [ '0.3.0',
49 silly addNameRange     '0.4.0',
49 silly addNameRange     '0.4.1',
49 silly addNameRange     '0.4.2',
49 silly addNameRange     '0.4.3',
49 silly addNameRange     '0.4.4',
49 silly addNameRange     '0.5.0',
49 silly addNameRange     '0.4.5',
49 silly addNameRange     '0.5.1',
49 silly addNameRange     '0.5.2',
49 silly addNameRange     '0.4.6',
49 silly addNameRange     '0.5.3',
49 silly addNameRange     '0.5.4',
49 silly addNameRange     '0.6.0',
49 silly addNameRange     '0.6.1',
49 silly addNameRange     '0.7.0',
49 silly addNameRange     '0.6.2',
49 silly addNameRange     '0.7.1',
49 silly addNameRange     '0.7.2',
49 silly addNameRange     '0.7.3',
49 silly addNameRange     '0.8.0',
49 silly addNameRange     '0.8.1',
49 silly addNameRange     '0.8.2',
49 silly addNameRange     '0.8.3',
49 silly addNameRange     '0.9.0',
49 silly addNameRange     '0.10.0',
49 silly addNameRange     '0.10.1',
49 silly addNameRange     '0.11.0',
49 silly addNameRange     '0.11.1',
49 silly addNameRange     '0.11.2',
49 silly addNameRange     '0.12.0' ] ]
50 verbose addNamed [ 'grunt-karma', '0.12.0' ]
51 verbose addNamed [ '0.12.0', '0.12.0' ]
52 silly lockFile d48e27a3-grunt-karma-0-12-0 grunt-karma@0.12.0
53 verbose lock grunt-karma@0.12.0 /Users/mikeevans/.npm/d48e27a3-grunt-karma-0-12-0.lock
54 silly lockFile 1f217f40-unt-karma-grunt-karma-0-12-0-tgz https://registry.npmjs.org/grunt-karma/-/grunt-karma-0.12.0.tgz
55 verbose lock https://registry.npmjs.org/grunt-karma/-/grunt-karma-0.12.0.tgz /Users/mikeevans/.npm/1f217f40-unt-karma-grunt-karma-0-12-0-tgz.lock
56 verbose addRemoteTarball [ 'https://registry.npmjs.org/grunt-karma/-/grunt-karma-0.12.0.tgz',
56 verbose addRemoteTarball   '4ba2a68d813354d0268ccbfec51188e090edd296' ]
57 info retry fetch attempt 1 at 14:34:48
58 verbose fetch to= /tmp/npm-28316-EMYVQ9DD/registry.npmjs.org/grunt-karma/-/grunt-karma-0.12.0.tgz
59 http GET https://registry.npmjs.org/grunt-karma/-/grunt-karma-0.12.0.tgz
60 http 200 https://registry.npmjs.org/grunt-karma/-/grunt-karma-0.12.0.tgz
61 silly lockFile 1f217f40-unt-karma-grunt-karma-0-12-0-tgz https://registry.npmjs.org/grunt-karma/-/grunt-karma-0.12.0.tgz
62 silly lockFile 1f217f40-unt-karma-grunt-karma-0-12-0-tgz https://registry.npmjs.org/grunt-karma/-/grunt-karma-0.12.0.tgz
63 silly lockFile d48e27a3-grunt-karma-0-12-0 grunt-karma@0.12.0
64 silly lockFile d48e27a3-grunt-karma-0-12-0 grunt-karma@0.12.0
65 silly lockFile c614ccef-grunt-karma-0-12-0 grunt-karma@^0.12.0
66 silly lockFile c614ccef-grunt-karma-0-12-0 grunt-karma@^0.12.0
67 silly resolved [ { name: 'grunt-karma',
67 silly resolved     version: '0.12.0',
67 silly resolved     description: 'grunt plugin for karma test runner',
67 silly resolved     main: 'tasks/grunt-karma.js',
67 silly resolved     repository:
67 silly resolved      { type: 'git',
67 silly resolved        url: 'git+https://github.com/karma-runner/grunt-karma.git' },
67 silly resolved     keywords: [ 'gruntplugin', 'karma', 'grunt', 'test', 'unit', 'runner', 'TDD' ],
67 silly resolved     scripts: { test: 'grunt test' },
67 silly resolved     author: { name: 'Dave Geddes' },
67 silly resolved     license: 'MIT',
67 silly resolved     dependencies: { lodash: '~3.9.3' },
67 silly resolved     devDependencies:
67 silly resolved      { eslint: '^0.21.2',
67 silly resolved        'eslint-config-standard': '^1.1.1',
67 silly resolved        'eslint-plugin-react': '^2.3.0',
67 silly resolved        'expect.js': '^0.3.1',
67 silly resolved        grunt: '~0.4.3',
67 silly resolved        'grunt-bump': '0.3.1',
67 silly resolved        'grunt-contrib-watch': '~0.6.1',
67 silly resolved        'grunt-conventional-changelog': '~1.2.2',
67 silly resolved        'grunt-eslint': '^13.0.0',
67 silly resolved        'grunt-npm': '0.0.2',
67 silly resolved        karma: '~0.13.0',
67 silly resolved        'karma-chrome-launcher': '~0.1.2',
67 silly resolved        'karma-firefox-launcher': '~0.1.3',
67 silly resolved        'karma-mocha': '~0.1.3',
67 silly resolved        'load-grunt-tasks': '^3.2.0' },
67 silly resolved     peerDependencies: { grunt: '0.4.x', karma: '^0.13.0 || >= 0.14.0-rc.0' },
67 silly resolved     contributors:
67 silly resolved      [ [Object],
67 silly resolved        [Object],
67 silly resolved        [Object],
67 silly resolved        [Object],
67 silly resolved        [Object],
67 silly resolved        [Object],
67 silly resolved        [Object],
67 silly resolved        [Object],
67 silly resolved        [Object],
67 silly resolved        [Object],
67 silly resolved        [Object],
67 silly resolved        [Object],
67 silly resolved        [Object],
67 silly resolved        [Object],
67 silly resolved        [Object],
67 silly resolved        [Object],
67 silly resolved        [Object],
67 silly resolved        [Object],
67 silly resolved        [Object],
67 silly resolved        [Object],
67 silly resolved        [Object],
67 silly resolved        [Object],
67 silly resolved        [Object],
67 silly resolved        [Object],
67 silly resolved        [Object],
67 silly resolved        [Object],
67 silly resolved        [Object],
67 silly resolved        [Object] ],
67 silly resolved     gitHead: 'd2f24ae1d09e47b3c9c4af4bf6036787d65cca0b',
67 silly resolved     bugs: { url: 'https://github.com/karma-runner/grunt-karma/issues' },
67 silly resolved     homepage: 'https://github.com/karma-runner/grunt-karma#readme',
67 silly resolved     _id: 'grunt-karma@0.12.0',
67 silly resolved     _shasum: '4ba2a68d813354d0268ccbfec51188e090edd296',
67 silly resolved     _from: 'grunt-karma@^0.12.0',
67 silly resolved     _npmVersion: '2.12.0',
67 silly resolved     _nodeVersion: '0.10.38',
67 silly resolved     _npmUser: { name: 'dignifiedquire', email: 'dignifiedquire@gmail.com' },
67 silly resolved     dist:
67 silly resolved      { shasum: '4ba2a68d813354d0268ccbfec51188e090edd296',
67 silly resolved        tarball: 'http://registry.npmjs.org/grunt-karma/-/grunt-karma-0.12.0.tgz' },
67 silly resolved     maintainers: [ [Object], [Object], [Object], [Object] ],
67 silly resolved     directories: {},
67 silly resolved     _resolved: 'https://registry.npmjs.org/grunt-karma/-/grunt-karma-0.12.0.tgz' } ]
68 info install grunt-karma@0.12.0 into /Users/mikeevans/Google Drive/dev/htdocs/interviewTests/imac-travelRepublicTest
69 info installOne grunt-karma@0.12.0
70 verbose node_modules/grunt-karma unbuild
71 info preuninstall grunt-karma@0.10.1
72 info uninstall grunt-karma@0.10.1
73 verbose true,/Users/mikeevans/Google Drive/dev/htdocs/interviewTests/imac-travelRepublicTest/node_modules,/Users/mikeevans/Google Drive/dev/htdocs/interviewTests/imac-travelRepublicTest/node_modules unbuild grunt-karma@0.10.1
74 info postuninstall grunt-karma@0.10.1
75 verbose tar unpack /Users/mikeevans/.npm/grunt-karma/0.12.0/package.tgz
76 silly lockFile 32b41ac7-licTest-node-modules-grunt-karma tar:///Users/mikeevans/Google Drive/dev/htdocs/interviewTests/imac-travelRepublicTest/node_modules/grunt-karma
77 verbose lock tar:///Users/mikeevans/Google Drive/dev/htdocs/interviewTests/imac-travelRepublicTest/node_modules/grunt-karma /Users/mikeevans/.npm/32b41ac7-licTest-node-modules-grunt-karma.lock
78 silly lockFile 077a3351-m-grunt-karma-0-12-0-package-tgz tar:///Users/mikeevans/.npm/grunt-karma/0.12.0/package.tgz
79 verbose lock tar:///Users/mikeevans/.npm/grunt-karma/0.12.0/package.tgz /Users/mikeevans/.npm/077a3351-m-grunt-karma-0-12-0-package-tgz.lock
80 silly gunzTarPerm modes [ '755', '644' ]
81 silly gunzTarPerm extractEntry package.json
82 silly gunzTarPerm extractEntry .npmignore
83 silly gunzTarPerm extractEntry README.md
84 silly gunzTarPerm extractEntry LICENSE
85 silly gunzTarPerm extractEntry gruntfile.js
86 silly gunzTarPerm extractEntry karma.conf.js
87 silly gunzTarPerm extractEntry CHANGELOG.md
88 silly gunzTarPerm extractEntry .eslintrc
89 silly gunzTarPerm extractEntry TODO.md
90 silly gunzTarPerm extractEntry .mailmap
91 silly gunzTarPerm extractEntry .tern-port
92 silly gunzTarPerm extractEntry lib/background.js
93 silly gunzTarPerm extractEntry tasks/grunt-karma.js
94 silly gunzTarPerm extractEntry .travis.yml
95 silly gunzTarPerm extractEntry test/grunt-karma-test.js
96 silly lockFile 32b41ac7-licTest-node-modules-grunt-karma tar:///Users/mikeevans/Google Drive/dev/htdocs/interviewTests/imac-travelRepublicTest/node_modules/grunt-karma
97 silly lockFile 32b41ac7-licTest-node-modules-grunt-karma tar:///Users/mikeevans/Google Drive/dev/htdocs/interviewTests/imac-travelRepublicTest/node_modules/grunt-karma
98 silly lockFile 077a3351-m-grunt-karma-0-12-0-package-tgz tar:///Users/mikeevans/.npm/grunt-karma/0.12.0/package.tgz
99 silly lockFile 077a3351-m-grunt-karma-0-12-0-package-tgz tar:///Users/mikeevans/.npm/grunt-karma/0.12.0/package.tgz
100 info preinstall grunt-karma@0.12.0
101 verbose readDependencies using package.json deps
102 verbose readDependencies using package.json deps
103 verbose cache add [ 'lodash@~3.9.3', null ]
104 verbose cache add name=undefined spec="lodash@~3.9.3" args=["lodash@~3.9.3",null]
105 verbose parsed url { protocol: null,
105 verbose parsed url   slashes: null,
105 verbose parsed url   auth: null,
105 verbose parsed url   host: null,
105 verbose parsed url   port: null,
105 verbose parsed url   hostname: null,
105 verbose parsed url   hash: null,
105 verbose parsed url   search: null,
105 verbose parsed url   query: null,
105 verbose parsed url   pathname: 'lodash@~3.9.3',
105 verbose parsed url   path: 'lodash@~3.9.3',
105 verbose parsed url   href: 'lodash@~3.9.3' }
106 verbose cache add name="lodash" spec="~3.9.3" args=["lodash","~3.9.3"]
107 verbose parsed url { protocol: null,
107 verbose parsed url   slashes: null,
107 verbose parsed url   auth: null,
107 verbose parsed url   host: null,
107 verbose parsed url   port: null,
107 verbose parsed url   hostname: null,
107 verbose parsed url   hash: null,
107 verbose parsed url   search: null,
107 verbose parsed url   query: null,
107 verbose parsed url   pathname: '~3.9.3',
107 verbose parsed url   path: '~3.9.3',
107 verbose parsed url   href: '~3.9.3' }
108 verbose addNamed [ 'lodash', '~3.9.3' ]
109 verbose addNamed [ null, '>=3.9.3-0 <3.10.0-0' ]
110 silly lockFile 046eb53a-lodash-3-9-3 lodash@~3.9.3
111 verbose lock lodash@~3.9.3 /Users/mikeevans/.npm/046eb53a-lodash-3-9-3.lock
112 silly addNameRange { name: 'lodash', range: '>=3.9.3-0 <3.10.0-0', hasData: false }
113 verbose request where is /lodash
114 verbose request registry https://registry.npmjs.org/
115 verbose url raw /lodash
116 verbose url resolving [ 'https://registry.npmjs.org/', './lodash' ]
117 verbose url resolved https://registry.npmjs.org/lodash
118 verbose request where is https://registry.npmjs.org/lodash
119 info trying registry request attempt 1 at 14:34:48
120 verbose etag "DPBETPUBC73RQJ6K961FFQGXG"
121 http GET https://registry.npmjs.org/lodash
122 http 304 https://registry.npmjs.org/lodash
123 silly registry.get cb [ 304,
123 silly registry.get   { date: 'Mon, 27 Jul 2015 13:34:48 GMT',
123 silly registry.get     via: '1.1 varnish',
123 silly registry.get     'cache-control': 'max-age=60',
123 silly registry.get     etag: '"DPBETPUBC73RQJ6K961FFQGXG"',
123 silly registry.get     age: '7',
123 silly registry.get     connection: 'keep-alive',
123 silly registry.get     'x-served-by': 'cache-lhr6324-LHR',
123 silly registry.get     'x-cache': 'HIT',
123 silly registry.get     'x-cache-hits': '4',
123 silly registry.get     'x-timer': 'S1438004088.845470,VS0,VE0',
123 silly registry.get     vary: 'Accept' } ]
124 verbose etag https://registry.npmjs.org/lodash from cache
125 silly addNameRange number 2 { name: 'lodash', range: '>=3.9.3-0 <3.10.0-0', hasData: true }
126 silly addNameRange versions [ 'lodash',
126 silly addNameRange   [ '0.1.0',
126 silly addNameRange     '0.2.0',
126 silly addNameRange     '0.2.1',
126 silly addNameRange     '0.2.2',
126 silly addNameRange     '0.3.0',
126 silly addNameRange     '0.3.1',
126 silly addNameRange     '0.3.2',
126 silly addNameRange     '0.4.0',
126 silly addNameRange     '0.4.1',
126 silly addNameRange     '0.4.2',
126 silly addNameRange     '0.5.0-rc.1',
126 silly addNameRange     '0.5.0',
126 silly addNameRange     '0.5.1',
126 silly addNameRange     '0.5.2',
126 silly addNameRange     '0.6.0',
126 silly addNameRange     '0.6.1',
126 silly addNameRange     '0.7.0',
126 silly addNameRange     '0.8.0',
126 silly addNameRange     '0.8.1',
126 silly addNameRange     '0.8.2',
126 silly addNameRange     '0.9.0',
126 silly addNameRange     '0.9.1',
126 silly addNameRange     '0.9.2',
126 silly addNameRange     '0.10.0',
126 silly addNameRange     '1.0.0-rc.1',
126 silly addNameRange     '1.0.0-rc.2',
126 silly addNameRange     '1.0.0-rc.3',
126 silly addNameRange     '1.0.0',
126 silly addNameRange     '1.0.1',
126 silly addNameRange     '1.1.0',
126 silly addNameRange     '1.1.1',
126 silly addNameRange     '1.2.0',
126 silly addNameRange     '1.2.1',
126 silly addNameRange     '1.3.0',
126 silly addNameRange     '1.3.1',
126 silly addNameRange     '2.0.0',
126 silly addNameRange     '2.1.0',
126 silly addNameRange     '2.2.0',
126 silly addNameRange     '2.2.1',
126 silly addNameRange     '2.3.0',
126 silly addNameRange     '2.4.0',
126 silly addNameRange     '2.4.1',
126 silly addNameRange     '3.0.0',
126 silly addNameRange     '3.0.1',
126 silly addNameRange     '3.1.0',
126 silly addNameRange     '3.2.0',
126 silly addNameRange     '3.3.0',
126 silly addNameRange     '3.3.1',
126 silly addNameRange     '3.4.0',
126 silly addNameRange     '3.5.0',
126 silly addNameRange     '3.6.0',
126 silly addNameRange     '1.0.2',
126 silly addNameRange     '3.7.0',
126 silly addNameRange     '2.4.2',
126 silly addNameRange     '3.8.0',
126 silly addNameRange     '3.9.0',
126 silly addNameRange     '3.9.1',
126 silly addNameRange     '3.9.2',
126 silly addNameRange     '3.9.3',
126 silly addNameRange     '3.10.0' ] ]
127 verbose addNamed [ 'lodash', '3.9.3' ]
128 verbose addNamed [ '3.9.3', '3.9.3' ]
129 silly lockFile 7317860f-lodash-3-9-3 lodash@3.9.3
130 verbose lock lodash@3.9.3 /Users/mikeevans/.npm/7317860f-lodash-3-9-3.lock
131 silly lockFile 7317860f-lodash-3-9-3 lodash@3.9.3
132 silly lockFile 7317860f-lodash-3-9-3 lodash@3.9.3
133 silly lockFile 046eb53a-lodash-3-9-3 lodash@~3.9.3
134 silly lockFile 046eb53a-lodash-3-9-3 lodash@~3.9.3
135 silly resolved [ { name: 'lodash',
135 silly resolved     version: '3.9.3',
135 silly resolved     description: 'The modern build of lodash modular utilities.',
135 silly resolved     homepage: 'https://lodash.com/',
135 silly resolved     icon: 'https://lodash.com/icon.svg',
135 silly resolved     license: 'MIT',
135 silly resolved     main: 'index.js',
135 silly resolved     keywords: [ 'modules', 'stdlib', 'util' ],
135 silly resolved     author:
135 silly resolved      { name: 'John-David Dalton',
135 silly resolved        email: 'john.david.dalton@gmail.com',
135 silly resolved        url: 'http://allyoucanleet.com/' },
135 silly resolved     contributors: [ [Object], [Object], [Object], [Object], [Object] ],
135 silly resolved     repository: { type: 'git', url: 'git+https://github.com/lodash/lodash.git' },
135 silly resolved     scripts: { test: 'echo "See https://travis-ci.org/lodash/lodash-cli for testing details."' },
135 silly resolved     bugs: { url: 'https://github.com/lodash/lodash/issues' },
135 silly resolved     _id: 'lodash@3.9.3',
135 silly resolved     _shasum: '0159e86832feffc6d61d852b12a953b99496bd32',
135 silly resolved     _from: 'lodash@~3.9.3',
135 silly resolved     _npmVersion: '2.10.1',
135 silly resolved     _nodeVersion: '2.0.2',
135 silly resolved     _npmUser: { name: 'jdalton', email: 'john.david.dalton@gmail.com' },
135 silly resolved     maintainers: [ [Object], [Object], [Object], [Object], [Object] ],
135 silly resolved     dist:
135 silly resolved      { shasum: '0159e86832feffc6d61d852b12a953b99496bd32',
135 silly resolved        tarball: 'http://registry.npmjs.org/lodash/-/lodash-3.9.3.tgz' },
135 silly resolved     directories: {},
135 silly resolved     _resolved: 'https://registry.npmjs.org/lodash/-/lodash-3.9.3.tgz',
135 silly resolved     readme: 'ERROR: No README data found!' } ]
136 info install lodash@3.9.3 into /Users/mikeevans/Google Drive/dev/htdocs/interviewTests/imac-travelRepublicTest/node_modules/grunt-karma
137 info installOne lodash@3.9.3
138 verbose node_modules/grunt-karma/node_modules/lodash unbuild
139 verbose tar unpack /Users/mikeevans/.npm/lodash/3.9.3/package.tgz
140 silly lockFile 999360c0--grunt-karma-node-modules-lodash tar:///Users/mikeevans/Google Drive/dev/htdocs/interviewTests/imac-travelRepublicTest/node_modules/grunt-karma/node_modules/lodash
141 verbose lock tar:///Users/mikeevans/Google Drive/dev/htdocs/interviewTests/imac-travelRepublicTest/node_modules/grunt-karma/node_modules/lodash /Users/mikeevans/.npm/999360c0--grunt-karma-node-modules-lodash.lock
142 silly lockFile b41539ff-ans-npm-lodash-3-9-3-package-tgz tar:///Users/mikeevans/.npm/lodash/3.9.3/package.tgz
143 verbose lock tar:///Users/mikeevans/.npm/lodash/3.9.3/package.tgz /Users/mikeevans/.npm/b41539ff-ans-npm-lodash-3-9-3-package-tgz.lock
144 silly gunzTarPerm modes [ '755', '644' ]
145 silly gunzTarPerm extractEntry package.json
146 silly gunzTarPerm extractEntry README.md
147 silly gunzTarPerm extractEntry date.js
148 silly gunzTarPerm extractEntry function.js
149 silly gunzTarPerm extractEntry index.js
150 silly gunzTarPerm extractEntry collection.js
151 silly gunzTarPerm extractEntry lang.js
152 silly gunzTarPerm extractEntry math.js
153 silly gunzTarPerm extractEntry number.js
154 silly gunzTarPerm extractEntry object.js
155 silly gunzTarPerm extractEntry chain.js
156 silly gunzTarPerm extractEntry string.js
157 silly gunzTarPerm extractEntry array.js
158 silly gunzTarPerm extractEntry utility.js
159 silly gunzTarPerm extractEntry support.js
160 silly gunzTarPerm extractEntry date/now.js
161 silly gunzTarPerm extractEntry math/add.js
162 silly gunzTarPerm extractEntry math/max.js
163 silly gunzTarPerm extractEntry math/min.js
164 silly gunzTarPerm extractEntry math/sum.js
165 silly gunzTarPerm extractEntry chain/chain.js
166 silly gunzTarPerm extractEntry chain/run.js
167 silly gunzTarPerm extractEntry chain/tap.js
168 silly gunzTarPerm extractEntry chain/thru.js
169 silly gunzTarPerm extractEntry chain/toJSON.js
170 silly gunzTarPerm extractEntry chain/reverse.js
171 silly gunzTarPerm extractEntry chain/value.js
172 silly gunzTarPerm extractEntry chain/valueOf.js
173 silly gunzTarPerm extractEntry chain/wrapperChain.js
174 silly gunzTarPerm extractEntry chain/wrapperCommit.js
175 silly gunzTarPerm extractEntry chain/wrapperPlant.js
176 silly gunzTarPerm extractEntry chain/plant.js
177 silly gunzTarPerm extractEntry chain/wrapperReverse.js
178 silly gunzTarPerm extractEntry chain/lodash.js
179 silly gunzTarPerm extractEntry chain/wrapperToString.js
180 silly gunzTarPerm extractEntry chain/commit.js
181 silly gunzTarPerm extractEntry chain/wrapperValue.js
182 silly gunzTarPerm extractEntry chain/toString.js
183 silly gunzTarPerm extractEntry number/inRange.js
184 silly gunzTarPerm extractEntry number/random.js
185 silly gunzTarPerm extractEntry function/after.js
186 silly gunzTarPerm extractEntry function/curryRight.js
187 silly gunzTarPerm extractEntry function/debounce.js
188 silly gunzTarPerm extractEntry function/defer.js
189 silly gunzTarPerm extractEntry function/curry.js
190 silly gunzTarPerm extractEntry function/flow.js
191 silly gunzTarPerm extractEntry function/flowRight.js
192 silly gunzTarPerm extractEntry function/memoize.js
193 silly gunzTarPerm extractEntry function/negate.js
194 silly gunzTarPerm extractEntry function/once.js
195 silly gunzTarPerm extractEntry function/compose.js
196 silly gunzTarPerm extractEntry function/partial.js
197 silly gunzTarPerm extractEntry function/bindKey.js
198 silly gunzTarPerm extractEntry function/partialRight.js
199 silly gunzTarPerm extractEntry function/bindAll.js
200 silly gunzTarPerm extractEntry function/rearg.js
201 silly gunzTarPerm extractEntry function/bind.js
202 silly gunzTarPerm extractEntry function/restParam.js
203 silly gunzTarPerm extractEntry function/before.js
204 silly gunzTarPerm extractEntry function/spread.js
205 silly gunzTarPerm extractEntry function/backflow.js
206 silly gunzTarPerm extractEntry function/throttle.js
207 silly gunzTarPerm extractEntry function/ary.js
208 silly gunzTarPerm extractEntry function/wrap.js
209 silly gunzTarPerm extractEntry function/delay.js
210 silly gunzTarPerm extractEntry object/assign.js
211 silly gunzTarPerm extractEntry object/functions.js
212 silly gunzTarPerm extractEntry object/get.js
213 silly gunzTarPerm extractEntry object/has.js
214 silly gunzTarPerm extractEntry object/invert.js
215 silly gunzTarPerm extractEntry object/forOwnRight.js
216 silly gunzTarPerm extractEntry object/keysIn.js
217 silly gunzTarPerm extractEntry object/mapKeys.js
218 silly gunzTarPerm extractEntry object/mapValues.js
219 silly gunzTarPerm extractEntry object/merge.js
220 silly gunzTarPerm extractEntry object/methods.js
221 silly gunzTarPerm extractEntry object/forOwn.js
222 silly gunzTarPerm extractEntry object/omit.js
223 silly gunzTarPerm extractEntry object/forInRight.js
224 silly gunzTarPerm extractEntry object/pairs.js
225 silly gunzTarPerm extractEntry object/forIn.js
226 silly gunzTarPerm extractEntry object/pick.js
227 silly gunzTarPerm extractEntry object/findLastKey.js
228 silly gunzTarPerm extractEntry object/result.js
229 silly gunzTarPerm extractEntry object/findKey.js
230 silly gunzTarPerm extractEntry object/set.js
231 silly gunzTarPerm extractEntry object/extend.js
232 silly gunzTarPerm extractEntry object/transform.js
233 silly gunzTarPerm extractEntry object/defaults.js
234 silly gunzTarPerm extractEntry object/values.js
235 silly gunzTarPerm extractEntry object/create.js
236 silly gunzTarPerm extractEntry object/valuesIn.js
237 silly gunzTarPerm extractEntry object/keys.js
238 silly gunzTarPerm extractEntry array/chunk.js
239 silly gunzTarPerm extractEntry array/last.js
240 silly gunzTarPerm extractEntry array/lastIndexOf.js
241 silly gunzTarPerm extractEntry array/object.js
242 silly gunzTarPerm extractEntry array/pull.js
243 silly gunzTarPerm extractEntry array/intersection.js
244 silly gunzTarPerm extractEntry array/remove.js
245 silly gunzTarPerm extractEntry array/rest.js
246 silly gunzTarPerm extractEntry array/slice.js
247 silly gunzTarPerm extractEntry array/sortedIndex.js
248 silly gunzTarPerm extractEntry array/sortedLastIndex.js
249 silly gunzTarPerm extractEntry array/initial.js
250 silly gunzTarPerm extractEntry array/tail.js
251 silly gunzTarPerm extractEntry array/indexOf.js
252 silly gunzTarPerm extractEntry array/take.js
253 silly gunzTarPerm extractEntry array/head.js
254 silly gunzTarPerm extractEntry array/takeRight.js
255 silly gunzTarPerm extractEntry array/flattenDeep.js
256 silly gunzTarPerm extractEntry array/takeRightWhile.js
257 silly gunzTarPerm extractEntry array/flatten.js
258 silly gunzTarPerm extractEntry array/takeWhile.js
259 silly gunzTarPerm extractEntry array/first.js
260 silly gunzTarPerm extractEntry array/union.js
261 silly gunzTarPerm extractEntry array/findLastIndex.js
262 silly gunzTarPerm extractEntry array/uniq.js
263 silly gunzTarPerm extractEntry array/findIndex.js
264 silly gunzTarPerm extractEntry array/unique.js
265 silly gunzTarPerm extractEntry array/fill.js
266 silly gunzTarPerm extractEntry array/unzip.js
267 silly gunzTarPerm extractEntry array/dropWhile.js
268 silly gunzTarPerm extractEntry array/unzipWith.js
269 silly gunzTarPerm extractEntry array/dropRightWhile.js
270 silly gunzTarPerm extractEntry array/without.js
271 silly gunzTarPerm extractEntry array/dropRight.js
272 silly gunzTarPerm extractEntry array/xor.js
273 silly gunzTarPerm extractEntry array/drop.js
274 silly gunzTarPerm extractEntry array/zip.js
275 silly gunzTarPerm extractEntry array/difference.js
276 silly gunzTarPerm extractEntry array/zipObject.js
277 silly gunzTarPerm extractEntry array/compact.js
278 silly gunzTarPerm extractEntry array/zipWith.js
279 silly gunzTarPerm extractEntry array/pullAt.js
280 silly gunzTarPerm extractEntry collection/all.js
281 silly gunzTarPerm extractEntry collection/forEachRight.js
282 silly gunzTarPerm extractEntry collection/groupBy.js
283 silly gunzTarPerm extractEntry collection/include.js
284 silly gunzTarPerm extractEntry collection/includes.js
285 silly gunzTarPerm extractEntry collection/forEach.js
286 silly gunzTarPerm extractEntry collection/inject.js
287 silly gunzTarPerm extractEntry collection/invoke.js
288 silly gunzTarPerm extractEntry collection/map.js
289 silly gunzTarPerm extractEntry collection/max.js
290 silly gunzTarPerm extractEntry collection/min.js
291 silly gunzTarPerm extractEntry collection/foldr.js
292 silly gunzTarPerm extractEntry collection/partition.js
293 silly gunzTarPerm extractEntry collection/foldl.js
294 silly gunzTarPerm extractEntry collection/pluck.js
295 silly gunzTarPerm extractEntry collection/findWhere.js
296 silly gunzTarPerm extractEntry collection/reduce.js
297 silly gunzTarPerm extractEntry collection/findLast.js
298 silly gunzTarPerm extractEntry collection/reduceRight.js
299 silly gunzTarPerm extractEntry collection/find.js
300 silly gunzTarPerm extractEntry collection/reject.js
301 silly gunzTarPerm extractEntry collection/filter.js
302 silly gunzTarPerm extractEntry collection/sample.js
303 silly gunzTarPerm extractEntry collection/every.js
304 silly gunzTarPerm extractEntry collection/select.js
305 silly gunzTarPerm extractEntry collection/eachRight.js
306 silly gunzTarPerm extractEntry collection/shuffle.js
307 silly gunzTarPerm extractEntry collection/each.js
308 silly gunzTarPerm extractEntry collection/size.js
309 silly gunzTarPerm extractEntry collection/detect.js
310 silly gunzTarPerm extractEntry collection/some.js
311 silly gunzTarPerm extractEntry collection/countBy.js
312 silly gunzTarPerm extractEntry collection/sortBy.js
313 silly gunzTarPerm extractEntry collection/contains.js
314 silly gunzTarPerm extractEntry collection/sortByAll.js
315 silly gunzTarPerm extractEntry collection/collect.js
316 silly gunzTarPerm extractEntry collection/sortByOrder.js
317 silly gunzTarPerm extractEntry collection/at.js
318 silly gunzTarPerm extractEntry collection/sum.js
319 silly gunzTarPerm extractEntry collection/any.js
320 silly gunzTarPerm extractEntry collection/where.js
321 silly gunzTarPerm extractEntry collection/indexBy.js
322 silly gunzTarPerm extractEntry string/camelCase.js
323 silly gunzTarPerm extractEntry string/padLeft.js
324 silly gunzTarPerm extractEntry string/padRight.js
325 silly gunzTarPerm extractEntry string/parseInt.js
326 silly gunzTarPerm extractEntry string/pad.js
327 silly gunzTarPerm extractEntry string/snakeCase.js
328 silly gunzTarPerm extractEntry string/startCase.js
329 silly gunzTarPerm extractEntry string/startsWith.js
330 silly gunzTarPerm extractEntry string/template.js
331 silly gunzTarPerm extractEntry string/templateSettings.js
332 silly gunzTarPerm extractEntry string/kebabCase.js
333 silly gunzTarPerm extractEntry string/trim.js
334 silly gunzTarPerm extractEntry string/escapeRegExp.js
335 silly gunzTarPerm extractEntry string/trimLeft.js
336 silly gunzTarPerm extractEntry string/escape.js
337 silly gunzTarPerm extractEntry string/trimRight.js
338 silly gunzTarPerm extractEntry string/endsWith.js
339 silly gunzTarPerm extractEntry string/trunc.js
340 silly gunzTarPerm extractEntry string/deburr.js
341 silly gunzTarPerm extractEntry string/unescape.js
342 silly gunzTarPerm extractEntry string/capitalize.js
343 silly gunzTarPerm extractEntry string/words.js
344 silly gunzTarPerm extractEntry string/repeat.js
345 silly gunzTarPerm extractEntry internal/LazyWrapper.js
346 silly gunzTarPerm extractEntry internal/charsRightIndex.js
347 silly gunzTarPerm extractEntry internal/compareAscending.js
348 silly gunzTarPerm extractEntry internal/compareMultiple.js
349 silly gunzTarPerm extractEntry internal/composeArgs.js
350 silly gunzTarPerm extractEntry internal/charsLeftIndex.js
351 silly gunzTarPerm extractEntry internal/createAggregator.js
352 silly gunzTarPerm extractEntry internal/createAssigner.js
353 silly gunzTarPerm extractEntry internal/createBaseEach.js
354 silly gunzTarPerm extractEntry internal/createBaseFor.js
355 silly gunzTarPerm extractEntry internal/createBindWrapper.js
356 silly gunzTarPerm extractEntry internal/cachePush.js
357 silly gunzTarPerm extractEntry internal/createCache.js
358 silly gunzTarPerm extractEntry internal/cacheIndexOf.js
359 silly gunzTarPerm extractEntry internal/createCompounder.js
360 silly gunzTarPerm extractEntry internal/bufferClone.js
361 silly gunzTarPerm extractEntry internal/createCtorWrapper.js
362 silly gunzTarPerm extractEntry internal/bindCallback.js
363 silly gunzTarPerm extractEntry internal/createCurry.js
364 silly gunzTarPerm extractEntry internal/binaryIndexBy.js
365 silly gunzTarPerm extractEntry internal/createExtremum.js
366 silly gunzTarPerm extractEntry internal/binaryIndex.js
367 silly gunzTarPerm extractEntry internal/createFind.js
368 silly gunzTarPerm extractEntry internal/baseWrapperValue.js
369 silly gunzTarPerm extractEntry internal/createFindIndex.js
370 silly gunzTarPerm extractEntry internal/baseWhile.js
371 silly gunzTarPerm extractEntry internal/createFindKey.js
372 silly gunzTarPerm extractEntry internal/baseValues.js
373 silly gunzTarPerm extractEntry internal/createFlow.js
374 silly gunzTarPerm extractEntry internal/baseUniq.js
375 silly gunzTarPerm extractEntry internal/createForEach.js
376 silly gunzTarPerm extractEntry internal/baseToString.js
377 silly gunzTarPerm extractEntry internal/createForIn.js
378 silly gunzTarPerm extractEntry internal/baseSum.js
379 silly gunzTarPerm extractEntry internal/createForOwn.js
380 silly gunzTarPerm extractEntry internal/baseSortByOrder.js
381 silly gunzTarPerm extractEntry internal/createHybridWrapper.js
382 silly gunzTarPerm extractEntry internal/baseSortBy.js
383 silly gunzTarPerm extractEntry internal/createObjectMapper.js
384 silly gunzTarPerm extractEntry internal/baseSome.js
385 silly gunzTarPerm extractEntry internal/createPadDir.js
386 silly gunzTarPerm extractEntry internal/baseSlice.js
387 silly gunzTarPerm extractEntry internal/createPadding.js
388 silly gunzTarPerm extractEntry internal/baseSetData.js
389 silly gunzTarPerm extractEntry internal/createPartial.js
390 silly gunzTarPerm extractEntry internal/baseReduce.js
391 silly gunzTarPerm extractEntry internal/createPartialWrapper.js
392 silly gunzTarPerm extractEntry internal/baseRandom.js
393 silly gunzTarPerm extractEntry internal/createReduce.js
394 silly gunzTarPerm extractEntry internal/basePullAt.js
395 silly gunzTarPerm extractEntry internal/createSortedIndex.js
396 silly gunzTarPerm extractEntry internal/basePropertyDeep.js
397 silly gunzTarPerm extractEntry internal/createWrapper.js
398 silly gunzTarPerm extractEntry internal/baseProperty.js
399 silly gunzTarPerm extractEntry internal/deburrLetter.js
400 silly gunzTarPerm extractEntry internal/baseMergeDeep.js
401 silly gunzTarPerm extractEntry internal/equalArrays.js
402 silly gunzTarPerm extractEntry internal/baseMerge.js
403 silly gunzTarPerm extractEntry internal/equalByTag.js
404 silly gunzTarPerm extractEntry internal/baseMatchesProperty.js
405 silly gunzTarPerm extractEntry internal/equalObjects.js
406 silly gunzTarPerm extractEntry internal/baseMatches.js
407 silly gunzTarPerm extractEntry internal/escapeHtmlChar.js
408 silly gunzTarPerm extractEntry internal/baseMap.js
409 silly gunzTarPerm extractEntry internal/escapeStringChar.js
410 silly gunzTarPerm extractEntry internal/baseLodash.js
411 silly gunzTarPerm extractEntry internal/getData.js
412 silly gunzTarPerm extractEntry internal/baseIsMatch.js
413 silly gunzTarPerm extractEntry internal/getFuncName.js
414 silly gunzTarPerm extractEntry internal/baseIsFunction.js
415 silly gunzTarPerm extractEntry internal/getLength.js
416 silly gunzTarPerm extractEntry internal/baseIsEqualDeep.js
417 silly gunzTarPerm extractEntry internal/getMatchData.js
418 silly gunzTarPerm extractEntry internal/baseIsEqual.js
419 silly gunzTarPerm extractEntry internal/getNative.js
420 silly gunzTarPerm extractEntry internal/baseIndexOf.js
421 silly gunzTarPerm extractEntry internal/getView.js
422 silly gunzTarPerm extractEntry internal/baseGet.js
423 silly gunzTarPerm extractEntry internal/indexOfNaN.js
424 silly gunzTarPerm extractEntry internal/baseFunctions.js
425 silly gunzTarPerm extractEntry internal/initCloneArray.js
426 silly gunzTarPerm extractEntry internal/baseForRight.js
427 silly gunzTarPerm extractEntry internal/initCloneByTag.js
428 silly gunzTarPerm extractEntry internal/baseForOwnRight.js
429 silly gunzTarPerm extractEntry internal/initCloneObject.js
430 silly gunzTarPerm extractEntry internal/baseForOwn.js
431 silly gunzTarPerm extractEntry internal/invokePath.js
432 silly gunzTarPerm extractEntry internal/baseForIn.js
433 silly gunzTarPerm extractEntry internal/isArrayLike.js
434 silly gunzTarPerm extractEntry internal/baseFor.js
435 silly gunzTarPerm extractEntry internal/isIndex.js
436 silly gunzTarPerm extractEntry internal/baseFlatten.js
437 silly gunzTarPerm extractEntry internal/isIterateeCall.js
438 silly gunzTarPerm extractEntry internal/baseFindIndex.js
439 silly gunzTarPerm extractEntry internal/isKey.js
440 silly gunzTarPerm extractEntry internal/baseFind.js
441 silly gunzTarPerm extractEntry internal/isLaziable.js
442 silly gunzTarPerm extractEntry internal/baseFilter.js
443 silly gunzTarPerm extractEntry internal/isLength.js
444 silly gunzTarPerm extractEntry internal/baseFill.js
445 silly gunzTarPerm extractEntry internal/isObjectLike.js
446 silly gunzTarPerm extractEntry internal/baseExtremum.js
447 silly gunzTarPerm extractEntry internal/isSpace.js
448 silly gunzTarPerm extractEntry internal/baseEvery.js
449 silly gunzTarPerm extractEntry internal/isStrictComparable.js
450 silly gunzTarPerm extractEntry internal/baseEachRight.js
451 silly gunzTarPerm extractEntry internal/lazyClone.js
452 silly gunzTarPerm extractEntry internal/baseEach.js
453 silly gunzTarPerm extractEntry internal/lazyReverse.js
454 silly gunzTarPerm extractEntry internal/baseDifference.js
455 silly gunzTarPerm extractEntry internal/lazyValue.js
456 silly gunzTarPerm extractEntry internal/baseDelay.js
457 silly gunzTarPerm extractEntry internal/mapDelete.js
458 silly gunzTarPerm extractEntry internal/baseCreate.js
459 silly gunzTarPerm extractEntry internal/mapGet.js
460 silly gunzTarPerm extractEntry internal/baseCopy.js
461 silly gunzTarPerm extractEntry internal/mapHas.js
462 silly gunzTarPerm extractEntry internal/baseCompareAscending.js
463 silly gunzTarPerm extractEntry internal/mapSet.js
464 silly gunzTarPerm extractEntry internal/baseClone.js
465 silly gunzTarPerm extractEntry internal/mergeData.js
466 silly gunzTarPerm extractEntry internal/baseCallback.js
467 silly gunzTarPerm extractEntry internal/metaMap.js
468 silly gunzTarPerm extractEntry internal/baseAt.js
469 silly gunzTarPerm extractEntry internal/pickByArray.js
470 silly gunzTarPerm extractEntry internal/baseAssign.js
471 silly gunzTarPerm extractEntry internal/pickByCallback.js
472 silly gunzTarPerm extractEntry internal/assignWith.js
473 silly gunzTarPerm extractEntry internal/reEscape.js
474 silly gunzTarPerm extractEntry internal/assignOwnDefaults.js
475 silly gunzTarPerm extractEntry internal/reEvaluate.js
476 silly gunzTarPerm extractEntry internal/assignDefaults.js
477 silly gunzTarPerm extractEntry internal/reInterpolate.js
478 silly gunzTarPerm extractEntry internal/arraySum.js
479 silly gunzTarPerm extractEntry internal/realNames.js
480 silly gunzTarPerm extractEntry internal/arraySome.js
481 silly gunzTarPerm extractEntry internal/reorder.js
482 silly gunzTarPerm extractEntry internal/arrayReduceRight.js
483 silly gunzTarPerm extractEntry internal/replaceHolders.js
484 silly gunzTarPerm extractEntry internal/arrayReduce.js
485 silly gunzTarPerm extractEntry internal/setData.js
486 silly gunzTarPerm extractEntry internal/arrayMap.js
487 silly gunzTarPerm extractEntry internal/shimIsPlainObject.js
488 silly gunzTarPerm extractEntry internal/arrayFilter.js
489 silly gunzTarPerm extractEntry internal/shimKeys.js
490 silly gunzTarPerm extractEntry internal/arrayExtremum.js
491 silly gunzTarPerm extractEntry internal/sortedUniq.js
492 silly gunzTarPerm extractEntry internal/arrayEvery.js
493 silly gunzTarPerm extractEntry internal/toIterable.js
494 silly gunzTarPerm extractEntry internal/arrayEachRight.js
495 silly gunzTarPerm extractEntry internal/toObject.js
496 silly gunzTarPerm extractEntry internal/arrayEach.js
497 silly gunzTarPerm extractEntry internal/toPath.js
498 silly gunzTarPerm extractEntry internal/arrayCopy.js
499 silly gunzTarPerm extractEntry internal/trimmedLeftIndex.js
500 silly gunzTarPerm extractEntry internal/SetCache.js
501 silly gunzTarPerm extractEntry internal/trimmedRightIndex.js
502 silly gunzTarPerm extractEntry internal/MapCache.js
503 silly gunzTarPerm extractEntry internal/unescapeHtmlChar.js
504 silly gunzTarPerm extractEntry internal/LodashWrapper.js
505 silly gunzTarPerm extractEntry internal/wrapperClone.js
506 silly gunzTarPerm extractEntry internal/composeArgsRight.js
507 silly gunzTarPerm extractEntry LICENSE.txt
508 silly gunzTarPerm extractEntry utility/attempt.js
509 silly gunzTarPerm extractEntry utility/iteratee.js
510 silly gunzTarPerm extractEntry utility/matches.js
511 silly gunzTarPerm extractEntry utility/matchesProperty.js
512 silly gunzTarPerm extractEntry utility/method.js
513 silly gunzTarPerm extractEntry utility/identity.js
514 silly gunzTarPerm extractEntry utility/mixin.js
515 silly gunzTarPerm extractEntry utility/noop.js
516 silly gunzTarPerm extractEntry utility/property.js
517 silly gunzTarPerm extractEntry utility/propertyOf.js
518 silly gunzTarPerm extractEntry utility/range.js
519 silly gunzTarPerm extractEntry utility/constant.js
520 silly gunzTarPerm extractEntry utility/times.js
521 silly gunzTarPerm extractEntry utility/callback.js
522 silly gunzTarPerm extractEntry utility/uniqueId.js
523 silly gunzTarPerm extractEntry utility/methodOf.js
524 silly gunzTarPerm extractEntry lang/clone.js
525 silly gunzTarPerm extractEntry lang/isEqual.js
526 silly gunzTarPerm extractEntry lang/isError.js
527 silly gunzTarPerm extractEntry lang/isFinite.js
528 silly gunzTarPerm extractEntry lang/isFunction.js
529 silly gunzTarPerm extractEntry lang/isEmpty.js
530 silly gunzTarPerm extractEntry lang/isNaN.js
531 silly gunzTarPerm extractEntry lang/isNative.js
532 silly gunzTarPerm extractEntry lang/isNull.js
533 silly gunzTarPerm extractEntry lang/isNumber.js
534 silly gunzTarPerm extractEntry lang/isObject.js
535 silly gunzTarPerm extractEntry lang/isElement.js
536 silly gunzTarPerm extractEntry lang/isPlainObject.js
537 silly gunzTarPerm extractEntry lang/isDate.js
538 silly gunzTarPerm extractEntry lang/isRegExp.js
539 silly gunzTarPerm extractEntry lang/isBoolean.js
540 silly gunzTarPerm extractEntry lang/isString.js
541 silly gunzTarPerm extractEntry lang/isArray.js
542 silly gunzTarPerm extractEntry lang/isTypedArray.js
543 silly gunzTarPerm extractEntry lang/isArguments.js
544 silly gunzTarPerm extractEntry lang/isUndefined.js
545 silly gunzTarPerm extractEntry lang/gte.js
546 silly gunzTarPerm extractEntry lang/lt.js
547 silly gunzTarPerm extractEntry lang/gt.js
548 silly gunzTarPerm extractEntry lang/lte.js
549 silly gunzTarPerm extractEntry lang/eq.js
550 silly gunzTarPerm extractEntry lang/toArray.js
551 silly gunzTarPerm extractEntry lang/cloneDeep.js
552 silly gunzTarPerm extractEntry lang/toPlainObject.js
553 silly gunzTarPerm extractEntry lang/isMatch.js
554 silly lockFile 999360c0--grunt-karma-node-modules-lodash tar:///Users/mikeevans/Google Drive/dev/htdocs/interviewTests/imac-travelRepublicTest/node_modules/grunt-karma/node_modules/lodash
555 silly lockFile 999360c0--grunt-karma-node-modules-lodash tar:///Users/mikeevans/Google Drive/dev/htdocs/interviewTests/imac-travelRepublicTest/node_modules/grunt-karma/node_modules/lodash
556 silly lockFile b41539ff-ans-npm-lodash-3-9-3-package-tgz tar:///Users/mikeevans/.npm/lodash/3.9.3/package.tgz
557 silly lockFile b41539ff-ans-npm-lodash-3-9-3-package-tgz tar:///Users/mikeevans/.npm/lodash/3.9.3/package.tgz
558 info preinstall lodash@3.9.3
559 verbose readDependencies using package.json deps
560 verbose readDependencies using package.json deps
561 silly resolved []
562 verbose about to build /Users/mikeevans/Google Drive/dev/htdocs/interviewTests/imac-travelRepublicTest/node_modules/grunt-karma/node_modules/lodash
563 info build /Users/mikeevans/Google Drive/dev/htdocs/interviewTests/imac-travelRepublicTest/node_modules/grunt-karma/node_modules/lodash
564 verbose linkStuff [ false,
564 verbose linkStuff   false,
564 verbose linkStuff   false,
564 verbose linkStuff   '/Users/mikeevans/Google Drive/dev/htdocs/interviewTests/imac-travelRepublicTest/node_modules/grunt-karma/node_modules' ]
565 info linkStuff lodash@3.9.3
566 verbose linkBins lodash@3.9.3
567 verbose linkMans lodash@3.9.3
568 verbose rebuildBundles lodash@3.9.3
569 info install lodash@3.9.3
570 info postinstall lodash@3.9.3
571 verbose about to build /Users/mikeevans/Google Drive/dev/htdocs/interviewTests/imac-travelRepublicTest/node_modules/grunt-karma
572 info build /Users/mikeevans/Google Drive/dev/htdocs/interviewTests/imac-travelRepublicTest/node_modules/grunt-karma
573 verbose linkStuff [ false,
573 verbose linkStuff   false,
573 verbose linkStuff   false,
573 verbose linkStuff   '/Users/mikeevans/Google Drive/dev/htdocs/interviewTests/imac-travelRepublicTest/node_modules' ]
574 info linkStuff grunt-karma@0.12.0
575 verbose linkBins grunt-karma@0.12.0
576 verbose linkMans grunt-karma@0.12.0
577 verbose rebuildBundles grunt-karma@0.12.0
578 verbose rebuildBundles [ 'lodash' ]
579 info install grunt-karma@0.12.0
580 info postinstall grunt-karma@0.12.0
581 verbose readDependencies using package.json deps
582 verbose already installed skipping karma@^0.13.0 || >= 0.14.0-rc.0 /Users/mikeevans/Google Drive/dev/htdocs/interviewTests/imac-travelRepublicTest
583 silly resolved []
584 info build /Users/mikeevans/Google Drive/dev/htdocs/interviewTests/imac-travelRepublicTest
585 verbose linkStuff [ false,
585 verbose linkStuff   false,
585 verbose linkStuff   false,
585 verbose linkStuff   '/Users/mikeevans/Google Drive/dev/htdocs/interviewTests' ]
586 info linkStuff travelRepublicTest@0.0.0
587 verbose linkBins travelRepublicTest@0.0.0
588 verbose linkMans travelRepublicTest@0.0.0
589 verbose rebuildBundles travelRepublicTest@0.0.0
590 verbose rebuildBundles [ '.bin',
590 verbose rebuildBundles   'grunt',
590 verbose rebuildBundles   'grunt-autoprefixer',
590 verbose rebuildBundles   'grunt-concurrent',
590 verbose rebuildBundles   'grunt-contrib-clean',
590 verbose rebuildBundles   'grunt-contrib-coffee',
590 verbose rebuildBundles   'grunt-contrib-compass',
590 verbose rebuildBundles   'grunt-contrib-concat',
590 verbose rebuildBundles   'grunt-contrib-connect',
590 verbose rebuildBundles   'grunt-contrib-copy',
590 verbose rebuildBundles   'grunt-contrib-cssmin',
590 verbose rebuildBundles   'grunt-contrib-htmlmin',
590 verbose rebuildBundles   'grunt-contrib-imagemin',
590 verbose rebuildBundles   'grunt-contrib-jshint',
590 verbose rebuildBundles   'grunt-contrib-uglify',
590 verbose rebuildBundles   'grunt-contrib-watch',
590 verbose rebuildBundles   'grunt-google-cdn',
590 verbose rebuildBundles   'grunt-karma',
590 verbose rebuildBundles   'grunt-ngmin',
590 verbose rebuildBundles   'grunt-rev',
590 verbose rebuildBundles   'grunt-svgmin',
590 verbose rebuildBundles   'grunt-usemin',
590 verbose rebuildBundles   'jshint-stylish',
590 verbose rebuildBundles   'karma',
590 verbose rebuildBundles   'karma-chrome-launcher',
590 verbose rebuildBundles   'karma-coffee-preprocessor',
590 verbose rebuildBundles   'karma-firefox-launcher',
590 verbose rebuildBundles   'karma-html2js-preprocessor',
590 verbose rebuildBundles   'karma-jasmine',
590 verbose rebuildBundles   'karma-ng-html2js-preprocessor',
590 verbose rebuildBundles   'karma-ng-scenario',
590 verbose rebuildBundles   'karma-phantomjs-launcher',
590 verbose rebuildBundles   'karma-requirejs',
590 verbose rebuildBundles   'karma-script-launcher',
590 verbose rebuildBundles   'load-grunt-tasks',
590 verbose rebuildBundles   'requirejs',
590 verbose rebuildBundles   'time-grunt' ]
591 verbose rebuild bundle /Users/mikeevans/Google Drive/dev/htdocs/interviewTests/imac-travelRepublicTest/node_modules/grunt-autoprefixer
592 info build /Users/mikeevans/Google Drive/dev/htdocs/interviewTests/imac-travelRepublicTest/node_modules/grunt-autoprefixer
593 info preinstall grunt-autoprefixer@0.4.2
594 verbose linkStuff [ false,
594 verbose linkStuff   false,
594 verbose linkStuff   false,
594 verbose linkStuff   '/Users/mikeevans/Google Drive/dev/htdocs/interviewTests/imac-travelRepublicTest/node_modules' ]
595 info linkStuff grunt-autoprefixer@0.4.2
596 verbose linkBins grunt-autoprefixer@0.4.2
597 verbose link bins [ { autoprefixer: './node_modules/autoprefixer/bin/autoprefixer' },
597 verbose link bins   '/Users/mikeevans/Google Drive/dev/htdocs/interviewTests/imac-travelRepublicTest/node_modules/.bin',
597 verbose link bins   false ]
598 verbose linkMans grunt-autoprefixer@0.4.2
599 verbose rebuildBundles grunt-autoprefixer@0.4.2
600 verbose rebuildBundles [ '.bin', 'autoprefixer' ]
601 info install grunt-autoprefixer@0.4.2
602 info postinstall grunt-autoprefixer@0.4.2
603 verbose unsafe-perm in lifecycle false
604 verbose rebuild bundle /Users/mikeevans/Google Drive/dev/htdocs/interviewTests/imac-travelRepublicTest/node_modules/grunt-concurrent
605 info build /Users/mikeevans/Google Drive/dev/htdocs/interviewTests/imac-travelRepublicTest/node_modules/grunt-concurrent
606 info preinstall grunt-concurrent@0.4.3
607 verbose linkStuff [ false,
607 verbose linkStuff   false,
607 verbose linkStuff   false,
607 verbose linkStuff   '/Users/mikeevans/Google Drive/dev/htdocs/interviewTests/imac-travelRepublicTest/node_modules' ]
608 info linkStuff grunt-concurrent@0.4.3
609 verbose linkBins grunt-concurrent@0.4.3
610 verbose linkMans grunt-concurrent@0.4.3
611 verbose rebuildBundles grunt-concurrent@0.4.3
612 verbose rebuildBundles [ 'async', 'lpad' ]
613 info install grunt-concurrent@0.4.3
614 info postinstall grunt-concurrent@0.4.3
615 verbose rebuild bundle /Users/mikeevans/Google Drive/dev/htdocs/interviewTests/imac-travelRepublicTest/node_modules/grunt-contrib-clean
616 verbose rebuild bundle /Users/mikeevans/Google Drive/dev/htdocs/interviewTests/imac-travelRepublicTest/node_modules/grunt-contrib-coffee
617 verbose rebuild bundle /Users/mikeevans/Google Drive/dev/htdocs/interviewTests/imac-travelRepublicTest/node_modules/grunt-contrib-compass
618 info build /Users/mikeevans/Google Drive/dev/htdocs/interviewTests/imac-travelRepublicTest/node_modules/grunt-contrib-compass
619 info preinstall grunt-contrib-compass@0.6.0
620 verbose linkStuff [ false,
620 verbose linkStuff   false,
620 verbose linkStuff   false,
620 verbose linkStuff   '/Users/mikeevans/Google Drive/dev/htdocs/interviewTests/imac-travelRepublicTest/node_modules' ]
621 info linkStuff grunt-contrib-compass@0.6.0
622 verbose linkBins grunt-contrib-compass@0.6.0
623 verbose linkMans grunt-contrib-compass@0.6.0
624 verbose rebuildBundles grunt-contrib-compass@0.6.0
625 verbose rebuildBundles [ 'async', 'dargs', 'tmp' ]
626 info install grunt-contrib-compass@0.6.0
627 info postinstall grunt-contrib-compass@0.6.0
628 verbose rebuild bundle /Users/mikeevans/Google Drive/dev/htdocs/interviewTests/imac-travelRepublicTest/node_modules/grunt-contrib-concat
629 info build /Users/mikeevans/Google Drive/dev/htdocs/interviewTests/imac-travelRepublicTest/node_modules/grunt-contrib-concat
630 info preinstall grunt-contrib-concat@0.3.0
631 verbose linkStuff [ false,
631 verbose linkStuff   false,
631 verbose linkStuff   false,
631 verbose linkStuff   '/Users/mikeevans/Google Drive/dev/htdocs/interviewTests/imac-travelRepublicTest/node_modules' ]
632 info linkStuff grunt-contrib-concat@0.3.0
633 verbose linkBins grunt-contrib-concat@0.3.0
634 verbose linkMans grunt-contrib-concat@0.3.0
635 verbose rebuildBundles grunt-contrib-concat@0.3.0
636 info install grunt-contrib-concat@0.3.0
637 info postinstall grunt-contrib-concat@0.3.0
638 verbose rebuild bundle /Users/mikeevans/Google Drive/dev/htdocs/interviewTests/imac-travelRepublicTest/node_modules/grunt-contrib-cssmin
639 verbose rebuild bundle /Users/mikeevans/Google Drive/dev/htdocs/interviewTests/imac-travelRepublicTest/node_modules/grunt-contrib-htmlmin
640 info build /Users/mikeevans/Google Drive/dev/htdocs/interviewTests/imac-travelRepublicTest/node_modules/grunt-contrib-htmlmin
641 info preinstall grunt-contrib-htmlmin@0.1.3
642 verbose linkStuff [ false,
642 verbose linkStuff   false,
642 verbose linkStuff   false,
642 verbose linkStuff   '/Users/mikeevans/Google Drive/dev/htdocs/interviewTests/imac-travelRepublicTest/node_modules' ]
643 info linkStuff grunt-contrib-htmlmin@0.1.3
644 verbose linkBins grunt-contrib-htmlmin@0.1.3
645 verbose linkMans grunt-contrib-htmlmin@0.1.3
646 verbose rebuildBundles grunt-contrib-htmlmin@0.1.3
647 verbose rebuildBundles [ 'grunt-lib-contrib', 'html-minifier' ]
648 info install grunt-contrib-htmlmin@0.1.3
649 info postinstall grunt-contrib-htmlmin@0.1.3
650 verbose rebuild bundle /Users/mikeevans/Google Drive/dev/htdocs/interviewTests/imac-travelRepublicTest/node_modules/grunt-contrib-imagemin
651 verbose rebuild bundle /Users/mikeevans/Google Drive/dev/htdocs/interviewTests/imac-travelRepublicTest/node_modules/grunt-contrib-jshint
652 verbose rebuild bundle /Users/mikeevans/Google Drive/dev/htdocs/interviewTests/imac-travelRepublicTest/node_modules/grunt-contrib-uglify
653 verbose rebuild bundle /Users/mikeevans/Google Drive/dev/htdocs/interviewTests/imac-travelRepublicTest/node_modules/grunt-contrib-watch
654 verbose rebuild bundle /Users/mikeevans/Google Drive/dev/htdocs/interviewTests/imac-travelRepublicTest/node_modules/grunt-google-cdn
655 verbose rebuild bundle /Users/mikeevans/Google Drive/dev/htdocs/interviewTests/imac-travelRepublicTest/node_modules/grunt-rev
656 info build /Users/mikeevans/Google Drive/dev/htdocs/interviewTests/imac-travelRepublicTest/node_modules/grunt-rev
657 info preinstall grunt-rev@0.1.0
658 verbose linkStuff [ false,
658 verbose linkStuff   false,
658 verbose linkStuff   false,
658 verbose linkStuff   '/Users/mikeevans/Google Drive/dev/htdocs/interviewTests/imac-travelRepublicTest/node_modules' ]
659 info linkStuff grunt-rev@0.1.0
660 verbose linkBins grunt-rev@0.1.0
661 verbose linkMans grunt-rev@0.1.0
662 verbose rebuildBundles grunt-rev@0.1.0
663 info install grunt-rev@0.1.0
664 info postinstall grunt-rev@0.1.0
665 verbose rebuild bundle /Users/mikeevans/Google Drive/dev/htdocs/interviewTests/imac-travelRepublicTest/node_modules/grunt-svgmin
666 verbose rebuild bundle /Users/mikeevans/Google Drive/dev/htdocs/interviewTests/imac-travelRepublicTest/node_modules/grunt-usemin
667 info build /Users/mikeevans/Google Drive/dev/htdocs/interviewTests/imac-travelRepublicTest/node_modules/grunt-usemin
668 info preinstall grunt-usemin@2.0.2
669 verbose linkStuff [ false,
669 verbose linkStuff   false,
669 verbose linkStuff   false,
669 verbose linkStuff   '/Users/mikeevans/Google Drive/dev/htdocs/interviewTests/imac-travelRepublicTest/node_modules' ]
670 info linkStuff grunt-usemin@2.0.2
671 verbose linkBins grunt-usemin@2.0.2
672 verbose linkMans grunt-usemin@2.0.2
673 verbose rebuildBundles grunt-usemin@2.0.2
674 verbose rebuildBundles [ 'debug', 'lodash' ]
675 info install grunt-usemin@2.0.2
676 info postinstall grunt-usemin@2.0.2
677 verbose rebuild bundle /Users/mikeevans/Google Drive/dev/htdocs/interviewTests/imac-travelRepublicTest/node_modules/jshint-stylish
678 verbose rebuild bundle /Users/mikeevans/Google Drive/dev/htdocs/interviewTests/imac-travelRepublicTest/node_modules/karma-coffee-preprocessor
679 verbose rebuild bundle /Users/mikeevans/Google Drive/dev/htdocs/interviewTests/imac-travelRepublicTest/node_modules/requirejs
680 info build /Users/mikeevans/Google Drive/dev/htdocs/interviewTests/imac-travelRepublicTest/node_modules/requirejs
681 info preinstall requirejs@2.1.19
682 verbose linkStuff [ false,
682 verbose linkStuff   false,
682 verbose linkStuff   false,
682 verbose linkStuff   '/Users/mikeevans/Google Drive/dev/htdocs/interviewTests/imac-travelRepublicTest/node_modules' ]
683 info linkStuff requirejs@2.1.19
684 verbose linkBins requirejs@2.1.19
685 verbose link bins [ { 'r.js': './bin/r.js' },
685 verbose link bins   '/Users/mikeevans/Google Drive/dev/htdocs/interviewTests/imac-travelRepublicTest/node_modules/.bin',
685 verbose link bins   false ]
686 verbose linkMans requirejs@2.1.19
687 verbose rebuildBundles requirejs@2.1.19
688 info install requirejs@2.1.19
689 info postinstall requirejs@2.1.19
690 info install travelRepublicTest@0.0.0
691 info postinstall travelRepublicTest@0.0.0
692 info prepublish travelRepublicTest@0.0.0
693 error peerinvalid The package karma does not satisfy its siblings' peerDependencies requirements!
693 error peerinvalid Peer grunt-karma@0.12.0 wants karma@^0.13.0 || >= 0.14.0-rc.0
693 error peerinvalid Peer karma-html2js-preprocessor@0.1.0 wants karma@>=0.9
693 error peerinvalid Peer karma-jasmine@0.1.6 wants karma@>=0.9
693 error peerinvalid Peer karma-ng-html2js-preprocessor@0.1.2 wants karma@>=0.9
693 error peerinvalid Peer karma-ng-scenario@0.1.0 wants karma@>=0.9
693 error peerinvalid Peer karma-phantomjs-launcher@0.1.4 wants karma@>=0.9
693 error peerinvalid Peer karma-requirejs@0.2.2 wants karma@>=0.9
693 error peerinvalid Peer karma-script-launcher@0.1.0 wants karma@>=0.9
694 error System Darwin 13.4.0
695 error command "node" "/usr/local/bin/npm" "install"
696 error cwd /Users/mikeevans/Google Drive/dev/htdocs/interviewTests/imac-travelRepublicTest
697 error node -v v0.10.32
698 error npm -v 1.4.28
699 error code EPEERINVALID
700 verbose exit [ 1, true ]
